
 /----------------------------------------------------------------------------\
 |                                                                            |
 |  yosys -- Yosys Open SYnthesis Suite                                       |
 |                                                                            |
 |  Copyright (C) 2012 - 2019  Clifford Wolf <clifford@clifford.at>           |
 |                                                                            |
 |  Permission to use, copy, modify, and/or distribute this software for any  |
 |  purpose with or without fee is hereby granted, provided that the above    |
 |  copyright notice and this permission notice appear in all copies.         |
 |                                                                            |
 |  THE SOFTWARE IS PROVIDED "AS IS" AND THE AUTHOR DISCLAIMS ALL WARRANTIES  |
 |  WITH REGARD TO THIS SOFTWARE INCLUDING ALL IMPLIED WARRANTIES OF          |
 |  MERCHANTABILITY AND FITNESS. IN NO EVENT SHALL THE AUTHOR BE LIABLE FOR   |
 |  ANY SPECIAL, DIRECT, INDIRECT, OR CONSEQUENTIAL DAMAGES OR ANY DAMAGES    |
 |  WHATSOEVER RESULTING FROM LOSS OF USE, DATA OR PROFITS, WHETHER IN AN     |
 |  ACTION OF CONTRACT, NEGLIGENCE OR OTHER TORTIOUS ACTION, ARISING OUT OF   |
 |  OR IN CONNECTION WITH THE USE OR PERFORMANCE OF THIS SOFTWARE.            |
 |                                                                            |
 \----------------------------------------------------------------------------/

 Yosys 0.9 (git sha1 UNKNOWN, clang 11.0.3 -fPIC -Os)


-- Parsing `cordic_top.v' using frontend `verilog' --

1. Executing Verilog-2005 frontend: cordic_top.v
Parsing Verilog input from `cordic_top.v' to AST representation.
Generating RTLIL representation for module `\top'.
Successfully finished Verilog frontend.

-- Parsing `cordic.v' using frontend `verilog' --

2. Executing Verilog-2005 frontend: cordic.v
Parsing Verilog input from `cordic.v' to AST representation.
Successfully finished Verilog frontend.

-- Parsing `blinker.v' using frontend `verilog' --

3. Executing Verilog-2005 frontend: blinker.v
Parsing Verilog input from `blinker.v' to AST representation.
Generating RTLIL representation for module `\blinker'.
Successfully finished Verilog frontend.

-- Running command `synth_ice40 -top top -json cordic_top.json' --

4. Executing SYNTH_ICE40 pass.

4.1. Executing Verilog-2005 frontend: /usr/local/bin/../share/yosys/ice40/cells_sim.v
Parsing Verilog input from `/usr/local/bin/../share/yosys/ice40/cells_sim.v' to AST representation.
Generating RTLIL representation for module `\SB_IO'.
Generating RTLIL representation for module `\SB_GB_IO'.
Generating RTLIL representation for module `\SB_GB'.
Generating RTLIL representation for module `\SB_LUT4'.
Generating RTLIL representation for module `\SB_CARRY'.
Generating RTLIL representation for module `\SB_DFF'.
Generating RTLIL representation for module `\SB_DFFE'.
Generating RTLIL representation for module `\SB_DFFSR'.
Generating RTLIL representation for module `\SB_DFFR'.
Generating RTLIL representation for module `\SB_DFFSS'.
Generating RTLIL representation for module `\SB_DFFS'.
Generating RTLIL representation for module `\SB_DFFESR'.
Generating RTLIL representation for module `\SB_DFFER'.
Generating RTLIL representation for module `\SB_DFFESS'.
Generating RTLIL representation for module `\SB_DFFES'.
Generating RTLIL representation for module `\SB_DFFN'.
Generating RTLIL representation for module `\SB_DFFNE'.
Generating RTLIL representation for module `\SB_DFFNSR'.
Generating RTLIL representation for module `\SB_DFFNR'.
Generating RTLIL representation for module `\SB_DFFNSS'.
Generating RTLIL representation for module `\SB_DFFNS'.
Generating RTLIL representation for module `\SB_DFFNESR'.
Generating RTLIL representation for module `\SB_DFFNER'.
Generating RTLIL representation for module `\SB_DFFNESS'.
Generating RTLIL representation for module `\SB_DFFNES'.
Generating RTLIL representation for module `\SB_RAM40_4K'.
Generating RTLIL representation for module `\SB_RAM40_4KNR'.
Generating RTLIL representation for module `\SB_RAM40_4KNW'.
Generating RTLIL representation for module `\SB_RAM40_4KNRNW'.
Generating RTLIL representation for module `\ICESTORM_LC'.
Generating RTLIL representation for module `\SB_PLL40_CORE'.
Generating RTLIL representation for module `\SB_PLL40_PAD'.
Generating RTLIL representation for module `\SB_PLL40_2_PAD'.
Generating RTLIL representation for module `\SB_PLL40_2F_CORE'.
Generating RTLIL representation for module `\SB_PLL40_2F_PAD'.
Generating RTLIL representation for module `\SB_WARMBOOT'.
Generating RTLIL representation for module `\SB_SPRAM256KA'.
Generating RTLIL representation for module `\SB_HFOSC'.
Generating RTLIL representation for module `\SB_LFOSC'.
Generating RTLIL representation for module `\SB_RGBA_DRV'.
Generating RTLIL representation for module `\SB_LED_DRV_CUR'.
Generating RTLIL representation for module `\SB_RGB_DRV'.
Generating RTLIL representation for module `\SB_I2C'.
Generating RTLIL representation for module `\SB_SPI'.
Generating RTLIL representation for module `\SB_LEDDA_IP'.
Generating RTLIL representation for module `\SB_FILTER_50NS'.
Generating RTLIL representation for module `\SB_IO_I3C'.
Generating RTLIL representation for module `\SB_IO_OD'.
Generating RTLIL representation for module `\SB_MAC16'.
Successfully finished Verilog frontend.

4.2. Executing HIERARCHY pass (managing design hierarchy).

4.2.1. Analyzing design hierarchy..
Top module:  \top
Used module:     \blinker

4.2.2. Executing AST frontend in derive mode using pre-parsed AST for module `\blinker'.
Parameter 1 (\WIDTH) = 24
Generating RTLIL representation for module `$paramod\blinker\WIDTH=24'.

4.2.3. Executing AST frontend in derive mode using pre-parsed AST for module `\blinker'.
Parameter 1 (\WIDTH) = 23
Generating RTLIL representation for module `$paramod\blinker\WIDTH=23'.

4.2.4. Executing AST frontend in derive mode using pre-parsed AST for module `\blinker'.
Parameter 1 (\WIDTH) = 27
Generating RTLIL representation for module `$paramod\blinker\WIDTH=27'.

4.2.5. Executing AST frontend in derive mode using pre-parsed AST for module `\blinker'.
Parameter 1 (\WIDTH) = 26
Generating RTLIL representation for module `$paramod\blinker\WIDTH=26'.

4.2.6. Executing AST frontend in derive mode using pre-parsed AST for module `\blinker'.
Parameter 1 (\WIDTH) = 25
Generating RTLIL representation for module `$paramod\blinker\WIDTH=25'.

4.2.7. Executing AST frontend in derive mode using pre-parsed AST for module `\blinker'.
Parameter 1 (\WIDTH) = 22
Generating RTLIL representation for module `$paramod\blinker\WIDTH=22'.

4.2.8. Executing AST frontend in derive mode using pre-parsed AST for module `\blinker'.
Parameter 1 (\WIDTH) = 24
Found cached RTLIL representation for module `$paramod\blinker\WIDTH=24'.

4.2.9. Analyzing design hierarchy..
Top module:  \top
Used module:     $paramod\blinker\WIDTH=24
Used module:     $paramod\blinker\WIDTH=23
Used module:     $paramod\blinker\WIDTH=27
Used module:     $paramod\blinker\WIDTH=26
Used module:     $paramod\blinker\WIDTH=25
Used module:     $paramod\blinker\WIDTH=22

4.2.10. Analyzing design hierarchy..
Top module:  \top
Used module:     $paramod\blinker\WIDTH=24
Used module:     $paramod\blinker\WIDTH=23
Used module:     $paramod\blinker\WIDTH=27
Used module:     $paramod\blinker\WIDTH=26
Used module:     $paramod\blinker\WIDTH=25
Used module:     $paramod\blinker\WIDTH=22
Removing unused module `\blinker'.
Removed 1 unused modules.

4.3. Executing PROC pass (convert processes to netlists).

4.3.1. Executing PROC_CLEAN pass (remove empty switches from decision trees).
Cleaned up 0 empty switches.

4.3.2. Executing PROC_RMDEAD pass (remove dead branches from decision trees).
Removed a total of 0 dead cases.

4.3.3. Executing PROC_INIT pass (extract init attributes).

4.3.4. Executing PROC_ARST pass (detect async resets in processes).

4.3.5. Executing PROC_MUX pass (convert decision trees to multiplexers).
Creating decoders for process `$paramod\blinker\WIDTH=25.$proc$blinker.v:11$17'.
     1/1: $0\counter[24:0]
Creating decoders for process `$paramod\blinker\WIDTH=26.$proc$blinker.v:11$15'.
     1/1: $0\counter[25:0]
Creating decoders for process `$paramod\blinker\WIDTH=27.$proc$blinker.v:11$13'.
     1/1: $0\counter[26:0]
Creating decoders for process `$paramod\blinker\WIDTH=23.$proc$blinker.v:11$11'.
     1/1: $0\counter[22:0]
Creating decoders for process `$paramod\blinker\WIDTH=24.$proc$blinker.v:11$9'.
     1/1: $0\counter[23:0]
Creating decoders for process `$paramod\blinker\WIDTH=22.$proc$blinker.v:11$19'.
     1/1: $0\counter[21:0]

4.3.6. Executing PROC_DLATCH pass (convert process syncs to latches).

4.3.7. Executing PROC_DFF pass (convert process syncs to FFs).
Creating register for signal `$paramod\blinker\WIDTH=25.\counter' using process `$paramod\blinker\WIDTH=25.$proc$blinker.v:11$17'.
  created $dff cell `$procdff$21' with positive edge clock.
Creating register for signal `$paramod\blinker\WIDTH=26.\counter' using process `$paramod\blinker\WIDTH=26.$proc$blinker.v:11$15'.
  created $dff cell `$procdff$22' with positive edge clock.
Creating register for signal `$paramod\blinker\WIDTH=27.\counter' using process `$paramod\blinker\WIDTH=27.$proc$blinker.v:11$13'.
  created $dff cell `$procdff$23' with positive edge clock.
Creating register for signal `$paramod\blinker\WIDTH=23.\counter' using process `$paramod\blinker\WIDTH=23.$proc$blinker.v:11$11'.
  created $dff cell `$procdff$24' with positive edge clock.
Creating register for signal `$paramod\blinker\WIDTH=24.\counter' using process `$paramod\blinker\WIDTH=24.$proc$blinker.v:11$9'.
  created $dff cell `$procdff$25' with positive edge clock.
Creating register for signal `$paramod\blinker\WIDTH=22.\counter' using process `$paramod\blinker\WIDTH=22.$proc$blinker.v:11$19'.
  created $dff cell `$procdff$26' with positive edge clock.

4.3.8. Executing PROC_CLEAN pass (remove empty switches from decision trees).
Removing empty process `$paramod\blinker\WIDTH=25.$proc$blinker.v:11$17'.
Removing empty process `$paramod\blinker\WIDTH=26.$proc$blinker.v:11$15'.
Removing empty process `$paramod\blinker\WIDTH=27.$proc$blinker.v:11$13'.
Removing empty process `$paramod\blinker\WIDTH=23.$proc$blinker.v:11$11'.
Removing empty process `$paramod\blinker\WIDTH=24.$proc$blinker.v:11$9'.
Removing empty process `$paramod\blinker\WIDTH=22.$proc$blinker.v:11$19'.
Cleaned up 0 empty switches.

4.4. Executing FLATTEN pass (flatten design).
Using template $paramod\blinker\WIDTH=24 for cells of type $paramod\blinker\WIDTH=24.
Using template $paramod\blinker\WIDTH=22 for cells of type $paramod\blinker\WIDTH=22.
Using template $paramod\blinker\WIDTH=25 for cells of type $paramod\blinker\WIDTH=25.
Using template $paramod\blinker\WIDTH=26 for cells of type $paramod\blinker\WIDTH=26.
Using template $paramod\blinker\WIDTH=27 for cells of type $paramod\blinker\WIDTH=27.
Using template $paramod\blinker\WIDTH=23 for cells of type $paramod\blinker\WIDTH=23.
<suppressed ~7 debug messages>
No more expansions possible.
Deleting now unused module $paramod\blinker\WIDTH=25.
Deleting now unused module $paramod\blinker\WIDTH=26.
Deleting now unused module $paramod\blinker\WIDTH=27.
Deleting now unused module $paramod\blinker\WIDTH=23.
Deleting now unused module $paramod\blinker\WIDTH=24.
Deleting now unused module $paramod\blinker\WIDTH=22.

4.5. Executing TRIBUF pass.

4.6. Executing DEMINOUT pass (demote inout ports to input or output).

4.7. Executing OPT_EXPR pass (perform const folding).
Optimizing module top.

4.8. Executing OPT_CLEAN pass (remove unused cells and wires).
Finding unused cells or wires in module \top..
Removed 0 unused cells and 2 unused wires.
<suppressed ~3 debug messages>

4.9. Executing CHECK pass (checking for obvious problems).
checking module top..
Warning: Wire top.\TX is used but has no driver.
Warning: Wire top.\P1A7 is used but has no driver.
Warning: Wire top.\P1A4 is used but has no driver.
Warning: Wire top.\P1A1 is used but has no driver.
found and reported 4 problems.

4.10. Executing OPT pass (performing simple optimizations).

4.10.1. Executing OPT_EXPR pass (perform const folding).
Optimizing module top.

4.10.2. Executing OPT_MERGE pass (detect identical cells).
Finding identical cells in module `\top'.
Removed a total of 0 cells.

4.10.3. Executing OPT_MUXTREE pass (detect dead branches in mux trees).
Running muxtree optimizer on module \top..
  Creating internal representation of mux trees.
  Evaluating internal representation of mux trees.
  Analyzing evaluation results.
Removed 0 multiplexer ports.
<suppressed ~2 debug messages>

4.10.4. Executing OPT_REDUCE pass (consolidate $*mux and $reduce_* inputs).
  Optimizing cells in module \top.
Performed a total of 0 changes.

4.10.5. Executing OPT_MERGE pass (detect identical cells).
Finding identical cells in module `\top'.
Removed a total of 0 cells.

4.10.6. Executing OPT_RMDFF pass (remove dff with constant values).

4.10.7. Executing OPT_CLEAN pass (remove unused cells and wires).
Finding unused cells or wires in module \top..

4.10.8. Executing OPT_EXPR pass (perform const folding).
Optimizing module top.

4.10.9. Finished OPT passes. (There is nothing left to do.)

4.11. Executing WREDUCE pass (reducing word size of cells).
Removed top 31 bits (of 32) from port A of cell top.$not$cordic_top.v:42$2 ($not).
Removed top 31 bits (of 32) from mux cell top.$ternary$cordic_top.v:42$3 ($mux).
Removed top 31 bits (of 32) from port A of cell top.$not$cordic_top.v:43$5 ($not).
Removed top 31 bits (of 32) from mux cell top.$ternary$cordic_top.v:43$6 ($mux).
Removed top 31 bits (of 32) from port B of cell top.$techmap\blink1.$add$blinker.v:12$10 ($add).
Removed top 8 bits (of 32) from port Y of cell top.$techmap\blink1.$add$blinker.v:12$10 ($add).
Removed top 31 bits (of 32) from port B of cell top.$techmap\blink2.$add$blinker.v:12$20 ($add).
Removed top 10 bits (of 32) from port Y of cell top.$techmap\blink2.$add$blinker.v:12$20 ($add).
Removed top 31 bits (of 32) from port B of cell top.$techmap\blink3.$add$blinker.v:12$18 ($add).
Removed top 7 bits (of 32) from port Y of cell top.$techmap\blink3.$add$blinker.v:12$18 ($add).
Removed top 31 bits (of 32) from port B of cell top.$techmap\blink4.$add$blinker.v:12$16 ($add).
Removed top 6 bits (of 32) from port Y of cell top.$techmap\blink4.$add$blinker.v:12$16 ($add).
Removed top 31 bits (of 32) from port B of cell top.$techmap\blink5.$add$blinker.v:12$14 ($add).
Removed top 5 bits (of 32) from port Y of cell top.$techmap\blink5.$add$blinker.v:12$14 ($add).
Removed top 31 bits (of 32) from port B of cell top.$techmap\blinkRED.$add$blinker.v:12$12 ($add).
Removed top 9 bits (of 32) from port Y of cell top.$techmap\blinkRED.$add$blinker.v:12$12 ($add).
Removed top 31 bits (of 32) from port B of cell top.$techmap\blinkGREEN.$add$blinker.v:12$10 ($add).
Removed top 8 bits (of 32) from port Y of cell top.$techmap\blinkGREEN.$add$blinker.v:12$10 ($add).
Removed top 31 bits (of 32) from port Y of cell top.$not$cordic_top.v:42$2 ($not).
Removed top 31 bits (of 32) from port Y of cell top.$not$cordic_top.v:43$5 ($not).
Removed top 31 bits (of 32) from wire top.$not$cordic_top.v:42$2_Y.
Removed top 31 bits (of 32) from wire top.$not$cordic_top.v:43$5_Y.

4.12. Executing PEEPOPT pass (run peephole optimizers).

4.13. Executing OPT_CLEAN pass (remove unused cells and wires).
Finding unused cells or wires in module \top..
Removed 0 unused cells and 11 unused wires.
<suppressed ~1 debug messages>

4.14. Executing SHARE pass (SAT-based resource sharing).

4.15. Executing TECHMAP pass (map to technology primitives).

4.15.1. Executing Verilog-2005 frontend: /usr/local/bin/../share/yosys/cmp2lut.v
Parsing Verilog input from `/usr/local/bin/../share/yosys/cmp2lut.v' to AST representation.
Generating RTLIL representation for module `\_90_lut_cmp_'.
Successfully finished Verilog frontend.

4.15.2. Continuing TECHMAP pass.
No more expansions possible.

4.16. Executing OPT_EXPR pass (perform const folding).
Optimizing module top.

4.17. Executing OPT_CLEAN pass (remove unused cells and wires).
Finding unused cells or wires in module \top..

4.18. Executing ALUMACC pass (create $alu and $macc cells).
Extracting $alu and $macc cells in module top:
  creating $macc model for $techmap\blink1.$add$blinker.v:12$10 ($add).
  creating $macc model for $techmap\blink2.$add$blinker.v:12$20 ($add).
  creating $macc model for $techmap\blink3.$add$blinker.v:12$18 ($add).
  creating $macc model for $techmap\blink4.$add$blinker.v:12$16 ($add).
  creating $macc model for $techmap\blink5.$add$blinker.v:12$14 ($add).
  creating $macc model for $techmap\blinkGREEN.$add$blinker.v:12$10 ($add).
  creating $macc model for $techmap\blinkRED.$add$blinker.v:12$12 ($add).
  creating $alu model for $macc $techmap\blinkRED.$add$blinker.v:12$12.
  creating $alu model for $macc $techmap\blinkGREEN.$add$blinker.v:12$10.
  creating $alu model for $macc $techmap\blink5.$add$blinker.v:12$14.
  creating $alu model for $macc $techmap\blink4.$add$blinker.v:12$16.
  creating $alu model for $macc $techmap\blink3.$add$blinker.v:12$18.
  creating $alu model for $macc $techmap\blink2.$add$blinker.v:12$20.
  creating $alu model for $macc $techmap\blink1.$add$blinker.v:12$10.
  creating $alu cell for $techmap\blink1.$add$blinker.v:12$10: $auto$alumacc.cc:474:replace_alu$29
  creating $alu cell for $techmap\blink2.$add$blinker.v:12$20: $auto$alumacc.cc:474:replace_alu$32
  creating $alu cell for $techmap\blink3.$add$blinker.v:12$18: $auto$alumacc.cc:474:replace_alu$35
  creating $alu cell for $techmap\blink4.$add$blinker.v:12$16: $auto$alumacc.cc:474:replace_alu$38
  creating $alu cell for $techmap\blink5.$add$blinker.v:12$14: $auto$alumacc.cc:474:replace_alu$41
  creating $alu cell for $techmap\blinkGREEN.$add$blinker.v:12$10: $auto$alumacc.cc:474:replace_alu$44
  creating $alu cell for $techmap\blinkRED.$add$blinker.v:12$12: $auto$alumacc.cc:474:replace_alu$47
  created 7 $alu and 0 $macc cells.

4.19. Executing OPT pass (performing simple optimizations).

4.19.1. Executing OPT_EXPR pass (perform const folding).
Optimizing module top.

4.19.2. Executing OPT_MERGE pass (detect identical cells).
Finding identical cells in module `\top'.
Removed a total of 0 cells.

4.19.3. Executing OPT_MUXTREE pass (detect dead branches in mux trees).
Running muxtree optimizer on module \top..
  Creating internal representation of mux trees.
  Evaluating internal representation of mux trees.
  Analyzing evaluation results.
Removed 0 multiplexer ports.
<suppressed ~2 debug messages>

4.19.4. Executing OPT_REDUCE pass (consolidate $*mux and $reduce_* inputs).
  Optimizing cells in module \top.
Performed a total of 0 changes.

4.19.5. Executing OPT_MERGE pass (detect identical cells).
Finding identical cells in module `\top'.
Removed a total of 0 cells.

4.19.6. Executing OPT_RMDFF pass (remove dff with constant values).

4.19.7. Executing OPT_CLEAN pass (remove unused cells and wires).
Finding unused cells or wires in module \top..

4.19.8. Executing OPT_EXPR pass (perform const folding).
Optimizing module top.

4.19.9. Finished OPT passes. (There is nothing left to do.)

4.20. Executing FSM pass (extract and optimize FSM).

4.20.1. Executing FSM_DETECT pass (finding FSMs in design).

4.20.2. Executing FSM_EXTRACT pass (extracting FSM from design).

4.20.3. Executing FSM_OPT pass (simple optimizations of FSMs).

4.20.4. Executing OPT_CLEAN pass (remove unused cells and wires).
Finding unused cells or wires in module \top..

4.20.5. Executing FSM_OPT pass (simple optimizations of FSMs).

4.20.6. Executing FSM_RECODE pass (re-assigning FSM state encoding).

4.20.7. Executing FSM_INFO pass (dumping all available information on FSM cells).

4.20.8. Executing FSM_MAP pass (mapping FSMs to basic logic).

4.21. Executing OPT pass (performing simple optimizations).

4.21.1. Executing OPT_EXPR pass (perform const folding).
Optimizing module top.

4.21.2. Executing OPT_MERGE pass (detect identical cells).
Finding identical cells in module `\top'.
Removed a total of 0 cells.

4.21.3. Executing OPT_RMDFF pass (remove dff with constant values).

4.21.4. Executing OPT_CLEAN pass (remove unused cells and wires).
Finding unused cells or wires in module \top..

4.21.5. Finished fast OPT passes.

4.22. Executing MEMORY pass.

4.22.1. Executing MEMORY_DFF pass (merging $dff cells to $memrd and $memwr).

4.22.2. Executing OPT_CLEAN pass (remove unused cells and wires).
Finding unused cells or wires in module \top..

4.22.3. Executing MEMORY_SHARE pass (consolidating $memrd/$memwr cells).

4.22.4. Executing OPT_CLEAN pass (remove unused cells and wires).
Finding unused cells or wires in module \top..

4.22.5. Executing MEMORY_COLLECT pass (generating $mem cells).

4.23. Executing OPT_CLEAN pass (remove unused cells and wires).
Finding unused cells or wires in module \top..

4.24. Executing MEMORY_BRAM pass (mapping $mem cells to block memories).

4.25. Executing TECHMAP pass (map to technology primitives).

4.25.1. Executing Verilog-2005 frontend: /usr/local/bin/../share/yosys/ice40/brams_map.v
Parsing Verilog input from `/usr/local/bin/../share/yosys/ice40/brams_map.v' to AST representation.
Generating RTLIL representation for module `\$__ICE40_RAM4K'.
Generating RTLIL representation for module `\$__ICE40_RAM4K_M0'.
Generating RTLIL representation for module `\$__ICE40_RAM4K_M123'.
Successfully finished Verilog frontend.

4.25.2. Continuing TECHMAP pass.
No more expansions possible.

4.26. Executing ICE40_BRAMINIT pass.

4.27. Executing OPT pass (performing simple optimizations).

4.27.1. Executing OPT_EXPR pass (perform const folding).
Optimizing module top.
<suppressed ~4 debug messages>

4.27.2. Executing OPT_MERGE pass (detect identical cells).
Finding identical cells in module `\top'.
Removed a total of 0 cells.

4.27.3. Executing OPT_RMDFF pass (remove dff with constant values).

4.27.4. Executing OPT_CLEAN pass (remove unused cells and wires).
Finding unused cells or wires in module \top..

4.27.5. Finished fast OPT passes.

4.28. Executing MEMORY_MAP pass (converting $mem cells to logic and flip-flops).

4.29. Executing OPT pass (performing simple optimizations).

4.29.1. Executing OPT_EXPR pass (perform const folding).
Optimizing module top.

4.29.2. Executing OPT_MERGE pass (detect identical cells).
Finding identical cells in module `\top'.
Removed a total of 0 cells.

4.29.3. Executing OPT_MUXTREE pass (detect dead branches in mux trees).
Running muxtree optimizer on module \top..
  Creating internal representation of mux trees.
  Evaluating internal representation of mux trees.
  Analyzing evaluation results.
Removed 0 multiplexer ports.
<suppressed ~2 debug messages>

4.29.4. Executing OPT_REDUCE pass (consolidate $*mux and $reduce_* inputs).
  Optimizing cells in module \top.
Performed a total of 0 changes.

4.29.5. Executing OPT_MERGE pass (detect identical cells).
Finding identical cells in module `\top'.
Removed a total of 0 cells.

4.29.6. Executing OPT_RMDFF pass (remove dff with constant values).

4.29.7. Executing OPT_CLEAN pass (remove unused cells and wires).
Finding unused cells or wires in module \top..

4.29.8. Executing OPT_EXPR pass (perform const folding).
Optimizing module top.

4.29.9. Finished OPT passes. (There is nothing left to do.)

4.30. Executing TECHMAP pass (map to technology primitives).

4.30.1. Executing Verilog-2005 frontend: /usr/local/bin/../share/yosys/techmap.v
Parsing Verilog input from `/usr/local/bin/../share/yosys/techmap.v' to AST representation.
Generating RTLIL representation for module `\_90_simplemap_bool_ops'.
Generating RTLIL representation for module `\_90_simplemap_reduce_ops'.
Generating RTLIL representation for module `\_90_simplemap_logic_ops'.
Generating RTLIL representation for module `\_90_simplemap_compare_ops'.
Generating RTLIL representation for module `\_90_simplemap_various'.
Generating RTLIL representation for module `\_90_simplemap_registers'.
Generating RTLIL representation for module `\_90_shift_ops_shr_shl_sshl_sshr'.
Generating RTLIL representation for module `\_90_shift_shiftx'.
Generating RTLIL representation for module `\_90_fa'.
Generating RTLIL representation for module `\_90_lcu'.
Generating RTLIL representation for module `\_90_alu'.
Generating RTLIL representation for module `\_90_macc'.
Generating RTLIL representation for module `\_90_alumacc'.
Generating RTLIL representation for module `\$__div_mod_u'.
Generating RTLIL representation for module `\$__div_mod'.
Generating RTLIL representation for module `\_90_div'.
Generating RTLIL representation for module `\_90_mod'.
Generating RTLIL representation for module `\_90_pow'.
Generating RTLIL representation for module `\_90_pmux'.
Generating RTLIL representation for module `\_90_lut'.
Successfully finished Verilog frontend.

4.30.2. Executing Verilog-2005 frontend: /usr/local/bin/../share/yosys/ice40/arith_map.v
Parsing Verilog input from `/usr/local/bin/../share/yosys/ice40/arith_map.v' to AST representation.
Generating RTLIL representation for module `\_80_ice40_alu'.
Successfully finished Verilog frontend.

4.30.3. Continuing TECHMAP pass.
Using extmapper simplemap for cells of type $dff.
Using template $paramod\_80_ice40_alu\A_SIGNED=0\B_SIGNED=0\A_WIDTH=1\B_WIDTH=24\Y_WIDTH=24 for cells of type $alu.
Using extmapper simplemap for cells of type $not.
Using template $paramod\_80_ice40_alu\A_SIGNED=0\B_SIGNED=0\A_WIDTH=1\B_WIDTH=22\Y_WIDTH=22 for cells of type $alu.
Using extmapper simplemap for cells of type $mux.
Using template $paramod\_80_ice40_alu\A_SIGNED=0\B_SIGNED=0\A_WIDTH=1\B_WIDTH=27\Y_WIDTH=27 for cells of type $alu.
Using template $paramod\_80_ice40_alu\A_SIGNED=0\B_SIGNED=0\A_WIDTH=1\B_WIDTH=23\Y_WIDTH=23 for cells of type $alu.
Using template $paramod\_80_ice40_alu\A_SIGNED=0\B_SIGNED=0\A_WIDTH=1\B_WIDTH=26\Y_WIDTH=26 for cells of type $alu.
Using template $paramod\_80_ice40_alu\A_SIGNED=0\B_SIGNED=0\A_WIDTH=1\B_WIDTH=25\Y_WIDTH=25 for cells of type $alu.
Using extmapper simplemap for cells of type $xor.
Using extmapper simplemap for cells of type $pos.
No more expansions possible.
<suppressed ~137 debug messages>

4.31. Executing ICE40_OPT pass (performing simple optimizations).

4.31.1. Running ICE40 specific optimizations.

4.31.2. Executing OPT_EXPR pass (perform const folding).
Optimizing module top.
<suppressed ~335 debug messages>

4.31.3. Executing OPT_MERGE pass (detect identical cells).
Finding identical cells in module `\top'.
<suppressed ~6 debug messages>
Removed a total of 2 cells.

4.31.4. Executing OPT_RMDFF pass (remove dff with constant values).

4.31.5. Executing OPT_CLEAN pass (remove unused cells and wires).
Finding unused cells or wires in module \top..
Removed 183 unused cells and 119 unused wires.
<suppressed ~184 debug messages>

4.31.6. Rerunning OPT passes. (Removed registers in this run.)

4.31.7. Running ICE40 specific optimizations.
Optimized away SB_CARRY cell top.$auto$alumacc.cc:474:replace_alu$29.slice[0].carry: CO=\blink1.counter [0]
Optimized away SB_CARRY cell top.$auto$alumacc.cc:474:replace_alu$32.slice[0].carry: CO=\blink2.counter [0]
Optimized away SB_CARRY cell top.$auto$alumacc.cc:474:replace_alu$35.slice[0].carry: CO=\blink3.counter [0]
Optimized away SB_CARRY cell top.$auto$alumacc.cc:474:replace_alu$38.slice[0].carry: CO=\blink4.counter [0]
Optimized away SB_CARRY cell top.$auto$alumacc.cc:474:replace_alu$41.slice[0].carry: CO=\blink5.counter [0]
Optimized away SB_CARRY cell top.$auto$alumacc.cc:474:replace_alu$44.slice[0].carry: CO=\blinkGREEN.counter [0]
Optimized away SB_CARRY cell top.$auto$alumacc.cc:474:replace_alu$47.slice[0].carry: CO=\blinkRED.counter [0]
Mapping SB_LUT4 cell top.$auto$alumacc.cc:474:replace_alu$29.slice[1].adder back to logic.
Mapping SB_LUT4 cell top.$auto$alumacc.cc:474:replace_alu$32.slice[1].adder back to logic.
Mapping SB_LUT4 cell top.$auto$alumacc.cc:474:replace_alu$35.slice[1].adder back to logic.
Mapping SB_LUT4 cell top.$auto$alumacc.cc:474:replace_alu$38.slice[1].adder back to logic.
Mapping SB_LUT4 cell top.$auto$alumacc.cc:474:replace_alu$41.slice[1].adder back to logic.
Mapping SB_LUT4 cell top.$auto$alumacc.cc:474:replace_alu$44.slice[1].adder back to logic.
Mapping SB_LUT4 cell top.$auto$alumacc.cc:474:replace_alu$47.slice[1].adder back to logic.

4.31.8. Executing OPT_EXPR pass (perform const folding).
Optimizing module top.
<suppressed ~91 debug messages>

4.31.9. Executing OPT_MERGE pass (detect identical cells).
Finding identical cells in module `\top'.
Removed a total of 0 cells.

4.31.10. Executing OPT_RMDFF pass (remove dff with constant values).

4.31.11. Executing OPT_CLEAN pass (remove unused cells and wires).
Finding unused cells or wires in module \top..
Removed 0 unused cells and 14 unused wires.
<suppressed ~1 debug messages>

4.31.12. Rerunning OPT passes. (Removed registers in this run.)

4.31.13. Running ICE40 specific optimizations.

4.31.14. Executing OPT_EXPR pass (perform const folding).
Optimizing module top.

4.31.15. Executing OPT_MERGE pass (detect identical cells).
Finding identical cells in module `\top'.
Removed a total of 0 cells.

4.31.16. Executing OPT_RMDFF pass (remove dff with constant values).

4.31.17. Executing OPT_CLEAN pass (remove unused cells and wires).
Finding unused cells or wires in module \top..

4.31.18. Finished OPT passes. (There is nothing left to do.)

4.32. Executing DFFSR2DFF pass (mapping DFFSR cells to simpler FFs).

4.33. Executing DFF2DFFE pass (transform $dff to $dffe where applicable).
Selected cell types for direct conversion:
  $_DFF_PP1_ -> $__DFFE_PP1
  $_DFF_PP0_ -> $__DFFE_PP0
  $_DFF_PN1_ -> $__DFFE_PN1
  $_DFF_PN0_ -> $__DFFE_PN0
  $_DFF_NP1_ -> $__DFFE_NP1
  $_DFF_NP0_ -> $__DFFE_NP0
  $_DFF_NN1_ -> $__DFFE_NN1
  $_DFF_NN0_ -> $__DFFE_NN0
  $_DFF_N_ -> $_DFFE_NP_
  $_DFF_P_ -> $_DFFE_PP_
Transforming FF to FF+Enable cells in module top:
  converting $_DFF_P_ cell $auto$simplemap.cc:420:simplemap_dff$101 to $_DFFE_PP_ for $auto$simplemap.cc:309:simplemap_lut$842 -> \blink2.counter [1].
  converting $_DFF_P_ cell $auto$simplemap.cc:420:simplemap_dff$123 to $_DFFE_PP_ for $auto$simplemap.cc:309:simplemap_lut$861 -> \blink3.counter [1].
  converting $_DFF_P_ cell $auto$simplemap.cc:420:simplemap_dff$148 to $_DFFE_PP_ for $auto$simplemap.cc:309:simplemap_lut$880 -> \blink4.counter [1].
  converting $_DFF_P_ cell $auto$simplemap.cc:420:simplemap_dff$174 to $_DFFE_PP_ for $auto$simplemap.cc:309:simplemap_lut$899 -> \blink5.counter [1].
  converting $_DFF_P_ cell $auto$simplemap.cc:420:simplemap_dff$201 to $_DFFE_PP_ for $auto$simplemap.cc:309:simplemap_lut$937 -> \blinkRED.counter [1].
  converting $_DFF_P_ cell $auto$simplemap.cc:420:simplemap_dff$224 to $_DFFE_PP_ for $auto$simplemap.cc:309:simplemap_lut$918 -> \blinkGREEN.counter [1].
  converting $_DFF_P_ cell $auto$simplemap.cc:420:simplemap_dff$261 to $_DFFE_PP_ for $auto$simplemap.cc:309:simplemap_lut$823 -> \blink1.counter [1].

4.34. Executing TECHMAP pass (map to technology primitives).

4.34.1. Executing Verilog-2005 frontend: /usr/local/bin/../share/yosys/ice40/cells_map.v
Parsing Verilog input from `/usr/local/bin/../share/yosys/ice40/cells_map.v' to AST representation.
Generating RTLIL representation for module `\$_DFF_N_'.
Generating RTLIL representation for module `\$_DFF_P_'.
Generating RTLIL representation for module `\$_DFFE_NN_'.
Generating RTLIL representation for module `\$_DFFE_PN_'.
Generating RTLIL representation for module `\$_DFFE_NP_'.
Generating RTLIL representation for module `\$_DFFE_PP_'.
Generating RTLIL representation for module `\$_DFF_NN0_'.
Generating RTLIL representation for module `\$_DFF_NN1_'.
Generating RTLIL representation for module `\$_DFF_PN0_'.
Generating RTLIL representation for module `\$_DFF_PN1_'.
Generating RTLIL representation for module `\$_DFF_NP0_'.
Generating RTLIL representation for module `\$_DFF_NP1_'.
Generating RTLIL representation for module `\$_DFF_PP0_'.
Generating RTLIL representation for module `\$_DFF_PP1_'.
Generating RTLIL representation for module `\$__DFFE_NN0'.
Generating RTLIL representation for module `\$__DFFE_NN1'.
Generating RTLIL representation for module `\$__DFFE_PN0'.
Generating RTLIL representation for module `\$__DFFE_PN1'.
Generating RTLIL representation for module `\$__DFFE_NP0'.
Generating RTLIL representation for module `\$__DFFE_NP1'.
Generating RTLIL representation for module `\$__DFFE_PP0'.
Generating RTLIL representation for module `\$__DFFE_PP1'.
Successfully finished Verilog frontend.

4.34.2. Continuing TECHMAP pass.
Using template \$_DFF_P_ for cells of type $_DFF_P_.
Using template \$_DFFE_PP_ for cells of type $_DFFE_PP_.
No more expansions possible.
<suppressed ~171 debug messages>

4.35. Executing OPT_EXPR pass (perform const folding).
Optimizing module top.
<suppressed ~14 debug messages>

4.36. Executing SIMPLEMAP pass (map simple cells to gate primitives).

4.37. Executing ICE40_FFINIT pass (implement FF init values).
Handling FF init values in top.

4.38. Executing ICE40_FFSSR pass (merge synchronous set/reset into FF cells).
Merging set/reset $_MUX_ cells into SB_FFs in top.

4.39. Executing ICE40_OPT pass (performing simple optimizations).

4.39.1. Running ICE40 specific optimizations.

4.39.2. Executing OPT_EXPR pass (perform const folding).
Optimizing module top.

4.39.3. Executing OPT_MERGE pass (detect identical cells).
Finding identical cells in module `\top'.
Removed a total of 0 cells.

4.39.4. Executing OPT_RMDFF pass (remove dff with constant values).

4.39.5. Executing OPT_CLEAN pass (remove unused cells and wires).
Finding unused cells or wires in module \top..
Removed 0 unused cells and 541 unused wires.
<suppressed ~1 debug messages>

4.39.6. Finished OPT passes. (There is nothing left to do.)

4.40. Executing TECHMAP pass (map to technology primitives).

4.40.1. Executing Verilog-2005 frontend: /usr/local/bin/../share/yosys/ice40/latches_map.v
Parsing Verilog input from `/usr/local/bin/../share/yosys/ice40/latches_map.v' to AST representation.
Generating RTLIL representation for module `\$_DLATCH_N_'.
Generating RTLIL representation for module `\$_DLATCH_P_'.
Successfully finished Verilog frontend.

4.40.2. Continuing TECHMAP pass.
No more expansions possible.

4.41. Executing ABC pass (technology mapping using ABC).

4.41.1. Extracting gate netlist of module `\top' to `<abc-temp-dir>/input.blif'..
Extracted 11 gates and 22 wires to a netlist network with 10 inputs and 9 outputs.

4.41.1.1. Executing ABC.
Running ABC command: <yosys-exe-dir>/yosys-abc -s -f <abc-temp-dir>/abc.script 2>&1
ABC: ABC command line: "source <abc-temp-dir>/abc.script".
ABC: 
ABC: + read_blif <abc-temp-dir>/input.blif 
ABC: + read_lut <abc-temp-dir>/lutdefs.txt 
ABC: + strash 
ABC: + ifraig 
ABC: + scorr 
ABC: Warning: The network is combinational (run "fraig" or "fraig_sweep").
ABC: + dc2 
ABC: + dretime 
ABC: + retime 
ABC: + strash 
ABC: + dch -f 
ABC: + if 
ABC: + mfs2 
ABC: + lutpack -S 1 
ABC: + dress 
ABC: Total number of equiv classes                =      10.
ABC: Participating nodes from both networks       =      19.
ABC: Participating nodes from the first network   =       9. (  90.00 % of nodes)
ABC: Participating nodes from the second network  =      10. ( 100.00 % of nodes)
ABC: Node pairs (any polarity)                    =       9. (  90.00 % of names can be moved)
ABC: Node pairs (same polarity)                   =       9. (  90.00 % of names can be moved)
ABC: Total runtime =     0.00 sec
ABC: + write_blif <abc-temp-dir>/output.blif 

4.41.1.2. Re-integrating ABC results.
ABC RESULTS:              $lut cells:       18
ABC RESULTS:        internal signals:        3
ABC RESULTS:           input signals:       10
ABC RESULTS:          output signals:        9
Removing temp directory.
Removed 0 unused cells and 21 unused wires.

4.42. Executing TECHMAP pass (map to technology primitives).

4.42.1. Executing Verilog-2005 frontend: /usr/local/bin/../share/yosys/ice40/cells_map.v
Parsing Verilog input from `/usr/local/bin/../share/yosys/ice40/cells_map.v' to AST representation.
Generating RTLIL representation for module `\$_DFF_N_'.
Generating RTLIL representation for module `\$_DFF_P_'.
Generating RTLIL representation for module `\$_DFFE_NN_'.
Generating RTLIL representation for module `\$_DFFE_PN_'.
Generating RTLIL representation for module `\$_DFFE_NP_'.
Generating RTLIL representation for module `\$_DFFE_PP_'.
Generating RTLIL representation for module `\$_DFF_NN0_'.
Generating RTLIL representation for module `\$_DFF_NN1_'.
Generating RTLIL representation for module `\$_DFF_PN0_'.
Generating RTLIL representation for module `\$_DFF_PN1_'.
Generating RTLIL representation for module `\$_DFF_NP0_'.
Generating RTLIL representation for module `\$_DFF_NP1_'.
Generating RTLIL representation for module `\$_DFF_PP0_'.
Generating RTLIL representation for module `\$_DFF_PP1_'.
Generating RTLIL representation for module `\$__DFFE_NN0'.
Generating RTLIL representation for module `\$__DFFE_NN1'.
Generating RTLIL representation for module `\$__DFFE_PN0'.
Generating RTLIL representation for module `\$__DFFE_PN1'.
Generating RTLIL representation for module `\$__DFFE_NP0'.
Generating RTLIL representation for module `\$__DFFE_NP1'.
Generating RTLIL representation for module `\$__DFFE_PP0'.
Generating RTLIL representation for module `\$__DFFE_PP1'.
Generating RTLIL representation for module `\$lut'.
Successfully finished Verilog frontend.

4.42.2. Continuing TECHMAP pass.
Using template $paramod\$lut\WIDTH=1\LUT=2'01 for cells of type $lut.
Using template $paramod\$lut\WIDTH=2\LUT=4'0111 for cells of type $lut.
No more expansions possible.
<suppressed ~31 debug messages>
Removed 0 unused cells and 18 unused wires.

4.43. Executing HIERARCHY pass (managing design hierarchy).

4.43.1. Analyzing design hierarchy..
Top module:  \top

4.43.2. Analyzing design hierarchy..
Top module:  \top
Removed 0 unused modules.

4.44. Printing statistics.

=== top ===

   Number of wires:                 63
   Number of wire bits:            555
   Number of public wires:          42
   Number of public wire bits:     206
   Number of memories:               0
   Number of memory bits:            0
   Number of processes:              0
   Number of cells:                501
     SB_CARRY                      157
     SB_DFF                        164
     SB_DFFE                         7
     SB_LUT4                       173

4.45. Executing CHECK pass (checking for obvious problems).
checking module top..
found and reported 0 problems.

4.46. Executing JSON backend.

Warnings: 4 unique messages, 4 total
End of script. Logfile hash: 3feeda828b, CPU: user 0.72s system 0.05s
Yosys 0.9 (git sha1 UNKNOWN, clang 11.0.3 -fPIC -Os)
Time spent: 27% 12x read_verilog (0 sec), 16% 16x opt_clean (0 sec), ...
